{"/Users/alexserra/Desktop/TheMovieDatabase/src/App.tsx": {"path":"/Users/alexserra/Desktop/TheMovieDatabase/src/App.tsx","statementMap":{"0":{"start":{"line":9,"column":14},"end":{"line":9,"column":21}},"1":{"start":{"line":14,"column":4},"end":{"line":14,"column":31}},"2":{"start":{"line":18,"column":4},"end":{"line":29,"column":6}},"3":{"start":{"line":23,"column":12},"end":{"line":23,"column":38}},"4":{"start":{"line":33,"column":0},"end":{"line":33,"column":61}},"5":{"start":{"line":33,"column":56},"end":{"line":33,"column":59}}},"fnMap":{"0":{"name":"(anonymous_0)","decl":{"start":{"line":13,"column":2},"end":{"line":13,"column":3}},"loc":{"start":{"line":13,"column":22},"end":{"line":15,"column":3}},"line":13},"1":{"name":"(anonymous_1)","decl":{"start":{"line":17,"column":2},"end":{"line":17,"column":3}},"loc":{"start":{"line":17,"column":11},"end":{"line":30,"column":3}},"line":17},"2":{"name":"(anonymous_2)","decl":{"start":{"line":22,"column":19},"end":{"line":22,"column":20}},"loc":{"start":{"line":22,"column":25},"end":{"line":24,"column":11}},"line":22},"3":{"name":"(anonymous_3)","decl":{"start":{"line":33,"column":50},"end":{"line":33,"column":51}},"loc":{"start":{"line":33,"column":56},"end":{"line":33,"column":59}},"line":33}},"branchMap":{},"s":{"0":1,"1":1,"2":1,"3":1,"4":1,"5":0},"f":{"0":1,"1":1,"2":1,"3":0},"b":{},"_coverageSchema":"1a1c01bbd47fc00a2c39e90264f33305004495a9","hash":"58416734c462b5898e5233e9b6c0e8ab1e2394eb"}
,"/Users/alexserra/Desktop/TheMovieDatabase/src/api/config.ts": {"path":"/Users/alexserra/Desktop/TheMovieDatabase/src/api/config.ts","statementMap":{},"fnMap":{},"branchMap":{},"s":{},"f":{},"b":{},"_coverageSchema":"1a1c01bbd47fc00a2c39e90264f33305004495a9","hash":"118fedc06a3f122d83cb43bba871c382244cb7a2"}
,"/Users/alexserra/Desktop/TheMovieDatabase/src/components/CarouselItem/CarouselItem.tsx": {"path":"/Users/alexserra/Desktop/TheMovieDatabase/src/components/CarouselItem/CarouselItem.tsx","statementMap":{"0":{"start":{"line":15,"column":28},"end":{"line":36,"column":1}},"1":{"start":{"line":16,"column":4},"end":{"line":35,"column":6}},"2":{"start":{"line":18,"column":27},"end":{"line":18,"column":52}},"3":{"start":{"line":38,"column":15},"end":{"line":54,"column":2}}},"fnMap":{"0":{"name":"(anonymous_0)","decl":{"start":{"line":15,"column":28},"end":{"line":15,"column":29}},"loc":{"start":{"line":15,"column":59},"end":{"line":36,"column":1}},"line":15},"1":{"name":"(anonymous_1)","decl":{"start":{"line":18,"column":21},"end":{"line":18,"column":22}},"loc":{"start":{"line":18,"column":27},"end":{"line":18,"column":52}},"line":18}},"branchMap":{"0":{"loc":{"start":{"line":22,"column":72},"end":{"line":22,"column":112}},"type":"cond-expr","locations":[{"start":{"line":22,"column":93},"end":{"line":22,"column":102}},{"start":{"line":22,"column":105},"end":{"line":22,"column":112}}],"line":22},"1":{"loc":{"start":{"line":27,"column":68},"end":{"line":27,"column":95}},"type":"cond-expr","locations":[{"start":{"line":27,"column":88},"end":{"line":27,"column":90}},{"start":{"line":27,"column":93},"end":{"line":27,"column":95}}],"line":27},"2":{"loc":{"start":{"line":30,"column":62},"end":{"line":30,"column":89}},"type":"cond-expr","locations":[{"start":{"line":30,"column":82},"end":{"line":30,"column":84}},{"start":{"line":30,"column":87},"end":{"line":30,"column":89}}],"line":30}},"s":{"0":1,"1":0,"2":0,"3":1},"f":{"0":0,"1":0},"b":{"0":[0,0],"1":[0,0],"2":[0,0]},"_coverageSchema":"1a1c01bbd47fc00a2c39e90264f33305004495a9","hash":"ad4e61d09178d6c8372475e7d46bd426eff08c4c"}
,"/Users/alexserra/Desktop/TheMovieDatabase/src/components/MediaListItem/MediaListItem.tsx": {"path":"/Users/alexserra/Desktop/TheMovieDatabase/src/components/MediaListItem/MediaListItem.tsx","statementMap":{"0":{"start":{"line":14,"column":29},"end":{"line":35,"column":1}},"1":{"start":{"line":16,"column":4},"end":{"line":34,"column":6}},"2":{"start":{"line":18,"column":27},"end":{"line":18,"column":52}},"3":{"start":{"line":37,"column":15},"end":{"line":60,"column":2}}},"fnMap":{"0":{"name":"(anonymous_0)","decl":{"start":{"line":14,"column":29},"end":{"line":14,"column":30}},"loc":{"start":{"line":14,"column":61},"end":{"line":35,"column":1}},"line":14},"1":{"name":"(anonymous_1)","decl":{"start":{"line":18,"column":21},"end":{"line":18,"column":22}},"loc":{"start":{"line":18,"column":27},"end":{"line":18,"column":52}},"line":18}},"branchMap":{},"s":{"0":1,"1":0,"2":0,"3":1},"f":{"0":0,"1":0},"b":{},"_coverageSchema":"1a1c01bbd47fc00a2c39e90264f33305004495a9","hash":"be2446b299a8430749f541fbe9e1933a3bb8bee3"}
,"/Users/alexserra/Desktop/TheMovieDatabase/src/components/SearchItem/SearchItem.tsx": {"path":"/Users/alexserra/Desktop/TheMovieDatabase/src/components/SearchItem/SearchItem.tsx","statementMap":{"0":{"start":{"line":17,"column":26},"end":{"line":54,"column":1}},"1":{"start":{"line":19,"column":4},"end":{"line":53,"column":6}},"2":{"start":{"line":21,"column":27},"end":{"line":21,"column":52}},"3":{"start":{"line":56,"column":15},"end":{"line":94,"column":2}}},"fnMap":{"0":{"name":"(anonymous_0)","decl":{"start":{"line":17,"column":26},"end":{"line":17,"column":27}},"loc":{"start":{"line":17,"column":55},"end":{"line":54,"column":1}},"line":17},"1":{"name":"(anonymous_1)","decl":{"start":{"line":21,"column":21},"end":{"line":21,"column":22}},"loc":{"start":{"line":21,"column":27},"end":{"line":21,"column":52}},"line":21},"2":{"name":"(anonymous_2)","decl":{"start":{"line":40,"column":46},"end":{"line":40,"column":47}},"loc":{"start":{"line":40,"column":58},"end":{"line":40,"column":61}},"line":40}},"branchMap":{"0":{"loc":{"start":{"line":27,"column":38},"end":{"line":27,"column":78}},"type":"cond-expr","locations":[{"start":{"line":27,"column":59},"end":{"line":27,"column":68}},{"start":{"line":27,"column":71},"end":{"line":27,"column":78}}],"line":27},"1":{"loc":{"start":{"line":29,"column":28},"end":{"line":29,"column":119}},"type":"cond-expr","locations":[{"start":{"line":29,"column":47},"end":{"line":29,"column":72}},{"start":{"line":29,"column":75},"end":{"line":29,"column":119}}],"line":29}},"s":{"0":1,"1":0,"2":0,"3":1},"f":{"0":0,"1":0,"2":0},"b":{"0":[0,0],"1":[0,0]},"_coverageSchema":"1a1c01bbd47fc00a2c39e90264f33305004495a9","hash":"e77d78b13ac9989a6d3e22cc6cbe8eccae305272"}
,"/Users/alexserra/Desktop/TheMovieDatabase/src/components/shared/CustomModal.tsx": {"path":"/Users/alexserra/Desktop/TheMovieDatabase/src/components/shared/CustomModal.tsx","statementMap":{"0":{"start":{"line":13,"column":27},"end":{"line":38,"column":1}},"1":{"start":{"line":15,"column":4},"end":{"line":37,"column":6}},"2":{"start":{"line":40,"column":15},"end":{"line":74,"column":2}}},"fnMap":{"0":{"name":"(anonymous_0)","decl":{"start":{"line":13,"column":27},"end":{"line":13,"column":28}},"loc":{"start":{"line":13,"column":57},"end":{"line":38,"column":1}},"line":13}},"branchMap":{},"s":{"0":1,"1":1,"2":1},"f":{"0":1},"b":{},"_coverageSchema":"1a1c01bbd47fc00a2c39e90264f33305004495a9","hash":"a56fdf455a3dfdeeaaba62c940725e43a2a633eb"}
,"/Users/alexserra/Desktop/TheMovieDatabase/src/components/shared/HeaderBar.tsx": {"path":"/Users/alexserra/Desktop/TheMovieDatabase/src/components/shared/HeaderBar.tsx","statementMap":{"0":{"start":{"line":15,"column":25},"end":{"line":34,"column":1}},"1":{"start":{"line":17,"column":4},"end":{"line":33,"column":6}},"2":{"start":{"line":36,"column":15},"end":{"line":60,"column":2}}},"fnMap":{"0":{"name":"(anonymous_0)","decl":{"start":{"line":15,"column":25},"end":{"line":15,"column":26}},"loc":{"start":{"line":15,"column":53},"end":{"line":34,"column":1}},"line":15}},"branchMap":{},"s":{"0":1,"1":0,"2":1},"f":{"0":0},"b":{},"_coverageSchema":"1a1c01bbd47fc00a2c39e90264f33305004495a9","hash":"9933e0e5e3a8eba87f75a905063053422a4f235f"}
,"/Users/alexserra/Desktop/TheMovieDatabase/src/components/shared/LoadingOverlay.tsx": {"path":"/Users/alexserra/Desktop/TheMovieDatabase/src/components/shared/LoadingOverlay.tsx","statementMap":{"0":{"start":{"line":12,"column":30},"end":{"line":19,"column":1}},"1":{"start":{"line":14,"column":4},"end":{"line":18,"column":6}},"2":{"start":{"line":21,"column":15},"end":{"line":35,"column":2}}},"fnMap":{"0":{"name":"(anonymous_0)","decl":{"start":{"line":12,"column":30},"end":{"line":12,"column":31}},"loc":{"start":{"line":12,"column":129},"end":{"line":19,"column":1}},"line":12}},"branchMap":{"0":{"loc":{"start":{"line":12,"column":33},"end":{"line":12,"column":47}},"type":"default-arg","locations":[{"start":{"line":12,"column":40},"end":{"line":12,"column":47}}],"line":12},"1":{"loc":{"start":{"line":12,"column":49},"end":{"line":12,"column":82}},"type":"default-arg","locations":[{"start":{"line":12,"column":57},"end":{"line":12,"column":82}}],"line":12},"2":{"loc":{"start":{"line":12,"column":85},"end":{"line":12,"column":101}},"type":"default-arg","locations":[{"start":{"line":12,"column":97},"end":{"line":12,"column":101}}],"line":12},"3":{"loc":{"start":{"line":15,"column":63},"end":{"line":15,"column":116}},"type":"cond-expr","locations":[{"start":{"line":15,"column":75},"end":{"line":15,"column":100}},{"start":{"line":15,"column":103},"end":{"line":15,"column":116}}],"line":15}},"s":{"0":1,"1":1,"2":1},"f":{"0":1},"b":{"0":[1],"1":[1],"2":[0],"3":[0,1]},"_coverageSchema":"1a1c01bbd47fc00a2c39e90264f33305004495a9","hash":"6c82082eddfd34ee1150d8c7564c9c57b12d4b3f"}
,"/Users/alexserra/Desktop/TheMovieDatabase/src/navigation/Navigator.js": {"path":"/Users/alexserra/Desktop/TheMovieDatabase/src/navigation/Navigator.js","statementMap":{"0":{"start":{"line":6,"column":0},"end":{"line":6,"column":31}},"1":{"start":{"line":9,"column":2},"end":{"line":32,"column":3}}},"fnMap":{"0":{"name":"StackNavigator","decl":{"start":{"line":8,"column":9},"end":{"line":8,"column":23}},"loc":{"start":{"line":8,"column":26},"end":{"line":33,"column":1}},"line":8}},"branchMap":{},"s":{"0":1,"1":1},"f":{"0":1},"b":{},"_coverageSchema":"1a1c01bbd47fc00a2c39e90264f33305004495a9","hash":"38219294d259f069b74a6715a5ed5e6c825cfebf"}
,"/Users/alexserra/Desktop/TheMovieDatabase/src/navigation/RootNavigation.js": {"path":"/Users/alexserra/Desktop/TheMovieDatabase/src/navigation/RootNavigation.js","statementMap":{"0":{"start":{"line":4,"column":26},"end":{"line":4,"column":43}},"1":{"start":{"line":6,"column":29},"end":{"line":6,"column":46}},"2":{"start":{"line":9,"column":2},"end":{"line":13,"column":3}},"3":{"start":{"line":10,"column":4},"end":{"line":10,"column":49}},"4":{"start":{"line":17,"column":2},"end":{"line":17,"column":33}},"5":{"start":{"line":21,"column":4},"end":{"line":21,"column":64}},"6":{"start":{"line":25,"column":4},"end":{"line":25,"column":63}}},"fnMap":{"0":{"name":"navigate","decl":{"start":{"line":8,"column":16},"end":{"line":8,"column":24}},"loc":{"start":{"line":8,"column":39},"end":{"line":14,"column":1}},"line":8},"1":{"name":"goBack","decl":{"start":{"line":16,"column":16},"end":{"line":16,"column":22}},"loc":{"start":{"line":16,"column":24},"end":{"line":18,"column":1}},"line":16},"2":{"name":"push","decl":{"start":{"line":20,"column":16},"end":{"line":20,"column":20}},"loc":{"start":{"line":20,"column":30},"end":{"line":22,"column":1}},"line":20},"3":{"name":"pop","decl":{"start":{"line":24,"column":16},"end":{"line":24,"column":19}},"loc":{"start":{"line":24,"column":29},"end":{"line":26,"column":1}},"line":24}},"branchMap":{"0":{"loc":{"start":{"line":9,"column":2},"end":{"line":13,"column":3}},"type":"if","locations":[{"start":{"line":9,"column":2},"end":{"line":13,"column":3}},{"start":{"line":9,"column":2},"end":{"line":13,"column":3}}],"line":9},"1":{"loc":{"start":{"line":9,"column":6},"end":{"line":9,"column":49}},"type":"binary-expr","locations":[{"start":{"line":9,"column":6},"end":{"line":9,"column":24}},{"start":{"line":9,"column":28},"end":{"line":9,"column":49}}],"line":9}},"s":{"0":1,"1":1,"2":0,"3":0,"4":0,"5":0,"6":0},"f":{"0":0,"1":0,"2":0,"3":0},"b":{"0":[0,0],"1":[0,0]},"_coverageSchema":"1a1c01bbd47fc00a2c39e90264f33305004495a9","hash":"d96a8ccb057679b88882f0fb041db179f1b9c59e"}
,"/Users/alexserra/Desktop/TheMovieDatabase/src/pages/DetailsScreen.tsx": {"path":"/Users/alexserra/Desktop/TheMovieDatabase/src/pages/DetailsScreen.tsx","statementMap":{"0":{"start":{"line":18,"column":22},"end":{"line":103,"column":1}},"1":{"start":{"line":19,"column":42},"end":{"line":19,"column":82}},"2":{"start":{"line":20,"column":44},"end":{"line":20,"column":68}},"3":{"start":{"line":21,"column":18},"end":{"line":21,"column":79}},"4":{"start":{"line":21,"column":46},"end":{"line":21,"column":78}},"5":{"start":{"line":23,"column":4},"end":{"line":33,"column":11}},"6":{"start":{"line":24,"column":8},"end":{"line":26,"column":10}},"7":{"start":{"line":25,"column":12},"end":{"line":25,"column":49}},"8":{"start":{"line":28,"column":8},"end":{"line":32,"column":9}},"9":{"start":{"line":29,"column":12},"end":{"line":31,"column":14}},"10":{"start":{"line":30,"column":16},"end":{"line":30,"column":53}},"11":{"start":{"line":35,"column":23},"end":{"line":37,"column":5}},"12":{"start":{"line":36,"column":8},"end":{"line":36,"column":30}},"13":{"start":{"line":39,"column":4},"end":{"line":102,"column":6}},"14":{"start":{"line":43,"column":31},"end":{"line":43,"column":54}},"15":{"start":{"line":57,"column":39},"end":{"line":57,"column":60}},"16":{"start":{"line":108,"column":15},"end":{"line":165,"column":2}}},"fnMap":{"0":{"name":"(anonymous_0)","decl":{"start":{"line":18,"column":22},"end":{"line":18,"column":23}},"loc":{"start":{"line":18,"column":54},"end":{"line":103,"column":1}},"line":18},"1":{"name":"(anonymous_1)","decl":{"start":{"line":21,"column":30},"end":{"line":21,"column":31}},"loc":{"start":{"line":21,"column":46},"end":{"line":21,"column":78}},"line":21},"2":{"name":"(anonymous_2)","decl":{"start":{"line":23,"column":14},"end":{"line":23,"column":15}},"loc":{"start":{"line":23,"column":20},"end":{"line":33,"column":5}},"line":23},"3":{"name":"(anonymous_3)","decl":{"start":{"line":24,"column":46},"end":{"line":24,"column":47}},"loc":{"start":{"line":24,"column":52},"end":{"line":26,"column":9}},"line":24},"4":{"name":"(anonymous_4)","decl":{"start":{"line":28,"column":15},"end":{"line":28,"column":16}},"loc":{"start":{"line":28,"column":21},"end":{"line":32,"column":9}},"line":28},"5":{"name":"(anonymous_5)","decl":{"start":{"line":29,"column":53},"end":{"line":29,"column":54}},"loc":{"start":{"line":29,"column":59},"end":{"line":31,"column":13}},"line":29},"6":{"name":"(anonymous_6)","decl":{"start":{"line":35,"column":23},"end":{"line":35,"column":24}},"loc":{"start":{"line":35,"column":29},"end":{"line":37,"column":5}},"line":35},"7":{"name":"(anonymous_7)","decl":{"start":{"line":43,"column":25},"end":{"line":43,"column":26}},"loc":{"start":{"line":43,"column":31},"end":{"line":43,"column":54}},"line":43},"8":{"name":"(anonymous_8)","decl":{"start":{"line":57,"column":33},"end":{"line":57,"column":34}},"loc":{"start":{"line":57,"column":39},"end":{"line":57,"column":60}},"line":57}},"branchMap":{"0":{"loc":{"start":{"line":50,"column":63},"end":{"line":50,"column":109}},"type":"cond-expr","locations":[{"start":{"line":50,"column":78},"end":{"line":50,"column":92}},{"start":{"line":50,"column":95},"end":{"line":50,"column":109}}],"line":50},"1":{"loc":{"start":{"line":52,"column":76},"end":{"line":52,"column":110}},"type":"cond-expr","locations":[{"start":{"line":52,"column":91},"end":{"line":52,"column":100}},{"start":{"line":52,"column":103},"end":{"line":52,"column":110}}],"line":52},"2":{"loc":{"start":{"line":53,"column":32},"end":{"line":53,"column":110}},"type":"cond-expr","locations":[{"start":{"line":53,"column":46},"end":{"line":53,"column":66}},{"start":{"line":53,"column":69},"end":{"line":53,"column":110}}],"line":53},"3":{"loc":{"start":{"line":61,"column":37},"end":{"line":61,"column":80}},"type":"cond-expr","locations":[{"start":{"line":61,"column":51},"end":{"line":61,"column":64}},{"start":{"line":61,"column":67},"end":{"line":61,"column":80}}],"line":61},"4":{"loc":{"start":{"line":69,"column":17},"end":{"line":89,"column":28}},"type":"binary-expr","locations":[{"start":{"line":69,"column":17},"end":{"line":69,"column":29}},{"start":{"line":70,"column":20},"end":{"line":89,"column":28}}],"line":69}},"s":{"0":1,"1":0,"2":0,"3":0,"4":0,"5":0,"6":0,"7":0,"8":0,"9":0,"10":0,"11":0,"12":0,"13":0,"14":0,"15":0,"16":1},"f":{"0":0,"1":0,"2":0,"3":0,"4":0,"5":0,"6":0,"7":0,"8":0},"b":{"0":[0,0],"1":[0,0],"2":[0,0],"3":[0,0],"4":[0,0]},"_coverageSchema":"1a1c01bbd47fc00a2c39e90264f33305004495a9","hash":"5a040229a5428e397ab04d1986989bbabd2bbcec"}
,"/Users/alexserra/Desktop/TheMovieDatabase/src/pages/HomeScreen.tsx": {"path":"/Users/alexserra/Desktop/TheMovieDatabase/src/pages/HomeScreen.tsx","statementMap":{"0":{"start":{"line":25,"column":19},"end":{"line":250,"column":1}},"1":{"start":{"line":26,"column":35},"end":{"line":26,"column":55}},"2":{"start":{"line":27,"column":19},"end":{"line":27,"column":73}},"3":{"start":{"line":27,"column":47},"end":{"line":27,"column":72}},"4":{"start":{"line":28,"column":21},"end":{"line":28,"column":77}},"5":{"start":{"line":28,"column":49},"end":{"line":28,"column":76}},"6":{"start":{"line":29,"column":29},"end":{"line":29,"column":93}},"7":{"start":{"line":29,"column":57},"end":{"line":29,"column":92}},"8":{"start":{"line":30,"column":31},"end":{"line":30,"column":97}},"9":{"start":{"line":30,"column":59},"end":{"line":30,"column":96}},"10":{"start":{"line":31,"column":24},"end":{"line":31,"column":83}},"11":{"start":{"line":31,"column":52},"end":{"line":31,"column":82}},"12":{"start":{"line":32,"column":45},"end":{"line":32,"column":93}},"13":{"start":{"line":33,"column":62},"end":{"line":33,"column":76}},"14":{"start":{"line":34,"column":66},"end":{"line":34,"column":80}},"15":{"start":{"line":35,"column":42},"end":{"line":35,"column":82}},"16":{"start":{"line":36,"column":38},"end":{"line":36,"column":61}},"17":{"start":{"line":37,"column":46},"end":{"line":37,"column":72}},"18":{"start":{"line":38,"column":56},"end":{"line":38,"column":80}},"19":{"start":{"line":39,"column":46},"end":{"line":39,"column":62}},"20":{"start":{"line":40,"column":21},"end":{"line":40,"column":34}},"21":{"start":{"line":42,"column":4},"end":{"line":56,"column":11}},"22":{"start":{"line":43,"column":8},"end":{"line":43,"column":48}},"23":{"start":{"line":45,"column":8},"end":{"line":48,"column":10}},"24":{"start":{"line":46,"column":12},"end":{"line":46,"column":61}},"25":{"start":{"line":47,"column":12},"end":{"line":47,"column":49}},"26":{"start":{"line":50,"column":8},"end":{"line":55,"column":9}},"27":{"start":{"line":51,"column":12},"end":{"line":54,"column":14}},"28":{"start":{"line":52,"column":16},"end":{"line":52,"column":65}},"29":{"start":{"line":53,"column":16},"end":{"line":53,"column":53}},"30":{"start":{"line":59,"column":4},"end":{"line":63,"column":22}},"31":{"start":{"line":60,"column":8},"end":{"line":62,"column":9}},"32":{"start":{"line":61,"column":12},"end":{"line":61,"column":31}},"33":{"start":{"line":66,"column":4},"end":{"line":71,"column":17}},"34":{"start":{"line":67,"column":8},"end":{"line":70,"column":9}},"35":{"start":{"line":68,"column":12},"end":{"line":69,"column":30}},"36":{"start":{"line":68,"column":24},"end":{"line":68,"column":34}},"37":{"start":{"line":69,"column":17},"end":{"line":69,"column":30}},"38":{"start":{"line":73,"column":21},"end":{"line":77,"column":5}},"39":{"start":{"line":74,"column":8},"end":{"line":74,"column":54}},"40":{"start":{"line":74,"column":27},"end":{"line":74,"column":54}},"41":{"start":{"line":75,"column":24},"end":{"line":75,"column":70}},"42":{"start":{"line":75,"column":43},"end":{"line":75,"column":62}},"43":{"start":{"line":76,"column":8},"end":{"line":76,"column":33}},"44":{"start":{"line":79,"column":24},"end":{"line":84,"column":5}},"45":{"start":{"line":80,"column":8},"end":{"line":80,"column":24}},"46":{"start":{"line":81,"column":8},"end":{"line":81,"column":28}},"47":{"start":{"line":82,"column":8},"end":{"line":82,"column":27}},"48":{"start":{"line":83,"column":8},"end":{"line":83,"column":35}},"49":{"start":{"line":86,"column":24},"end":{"line":97,"column":5}},"50":{"start":{"line":88,"column":8},"end":{"line":88,"column":26}},"51":{"start":{"line":89,"column":21},"end":{"line":89,"column":57}},"52":{"start":{"line":91,"column":8},"end":{"line":95,"column":9}},"53":{"start":{"line":91,"column":30},"end":{"line":91,"column":52}},"54":{"start":{"line":93,"column":12},"end":{"line":93,"column":25}},"55":{"start":{"line":94,"column":12},"end":{"line":94,"column":39}},"56":{"start":{"line":96,"column":8},"end":{"line":96,"column":27}},"57":{"start":{"line":99,"column":30},"end":{"line":110,"column":5}},"58":{"start":{"line":100,"column":27},"end":{"line":100,"column":111}},"59":{"start":{"line":101,"column":8},"end":{"line":109,"column":9}},"60":{"start":{"line":113,"column":34},"end":{"line":122,"column":5}},"61":{"start":{"line":114,"column":8},"end":{"line":121,"column":9}},"62":{"start":{"line":124,"column":28},"end":{"line":127,"column":5}},"63":{"start":{"line":125,"column":8},"end":{"line":125,"column":48}},"64":{"start":{"line":126,"column":8},"end":{"line":126,"column":63}},"65":{"start":{"line":129,"column":37},"end":{"line":137,"column":5}},"66":{"start":{"line":130,"column":8},"end":{"line":136,"column":10}},"67":{"start":{"line":139,"column":32},"end":{"line":180,"column":5}},"68":{"start":{"line":146,"column":26},"end":{"line":146,"column":95}},"69":{"start":{"line":146,"column":56},"end":{"line":146,"column":93}},"70":{"start":{"line":147,"column":8},"end":{"line":179,"column":9}},"71":{"start":{"line":152,"column":50},"end":{"line":152,"column":79}},"72":{"start":{"line":175,"column":42},"end":{"line":175,"column":101}},"73":{"start":{"line":182,"column":32},"end":{"line":195,"column":5}},"74":{"start":{"line":184,"column":30},"end":{"line":184,"column":96}},"75":{"start":{"line":184,"column":61},"end":{"line":184,"column":95}},"76":{"start":{"line":185,"column":25},"end":{"line":185,"column":75}},"77":{"start":{"line":185,"column":53},"end":{"line":185,"column":63}},"78":{"start":{"line":187,"column":8},"end":{"line":194,"column":9}},"79":{"start":{"line":197,"column":31},"end":{"line":204,"column":5}},"80":{"start":{"line":198,"column":28},"end":{"line":198,"column":93}},"81":{"start":{"line":198,"column":63},"end":{"line":198,"column":92}},"82":{"start":{"line":199,"column":8},"end":{"line":203,"column":9}},"83":{"start":{"line":206,"column":29},"end":{"line":215,"column":5}},"84":{"start":{"line":207,"column":8},"end":{"line":214,"column":9}},"85":{"start":{"line":217,"column":4},"end":{"line":249,"column":6}},"86":{"start":{"line":246,"column":31},"end":{"line":246,"column":59}},"87":{"start":{"line":255,"column":15},"end":{"line":313,"column":2}}},"fnMap":{"0":{"name":"(anonymous_0)","decl":{"start":{"line":25,"column":19},"end":{"line":25,"column":20}},"loc":{"start":{"line":25,"column":48},"end":{"line":250,"column":1}},"line":25},"1":{"name":"(anonymous_1)","decl":{"start":{"line":27,"column":31},"end":{"line":27,"column":32}},"loc":{"start":{"line":27,"column":47},"end":{"line":27,"column":72}},"line":27},"2":{"name":"(anonymous_2)","decl":{"start":{"line":28,"column":33},"end":{"line":28,"column":34}},"loc":{"start":{"line":28,"column":49},"end":{"line":28,"column":76}},"line":28},"3":{"name":"(anonymous_3)","decl":{"start":{"line":29,"column":41},"end":{"line":29,"column":42}},"loc":{"start":{"line":29,"column":57},"end":{"line":29,"column":92}},"line":29},"4":{"name":"(anonymous_4)","decl":{"start":{"line":30,"column":43},"end":{"line":30,"column":44}},"loc":{"start":{"line":30,"column":59},"end":{"line":30,"column":96}},"line":30},"5":{"name":"(anonymous_5)","decl":{"start":{"line":31,"column":36},"end":{"line":31,"column":37}},"loc":{"start":{"line":31,"column":52},"end":{"line":31,"column":82}},"line":31},"6":{"name":"(anonymous_6)","decl":{"start":{"line":42,"column":14},"end":{"line":42,"column":15}},"loc":{"start":{"line":42,"column":20},"end":{"line":56,"column":5}},"line":42},"7":{"name":"(anonymous_7)","decl":{"start":{"line":45,"column":46},"end":{"line":45,"column":47}},"loc":{"start":{"line":45,"column":52},"end":{"line":48,"column":9}},"line":45},"8":{"name":"(anonymous_8)","decl":{"start":{"line":50,"column":15},"end":{"line":50,"column":16}},"loc":{"start":{"line":50,"column":21},"end":{"line":55,"column":9}},"line":50},"9":{"name":"(anonymous_9)","decl":{"start":{"line":51,"column":53},"end":{"line":51,"column":54}},"loc":{"start":{"line":51,"column":59},"end":{"line":54,"column":13}},"line":51},"10":{"name":"(anonymous_10)","decl":{"start":{"line":59,"column":14},"end":{"line":59,"column":15}},"loc":{"start":{"line":59,"column":20},"end":{"line":63,"column":5}},"line":59},"11":{"name":"(anonymous_11)","decl":{"start":{"line":66,"column":14},"end":{"line":66,"column":15}},"loc":{"start":{"line":66,"column":20},"end":{"line":71,"column":5}},"line":66},"12":{"name":"(anonymous_12)","decl":{"start":{"line":73,"column":21},"end":{"line":73,"column":22}},"loc":{"start":{"line":73,"column":27},"end":{"line":77,"column":5}},"line":73},"13":{"name":"(anonymous_13)","decl":{"start":{"line":75,"column":35},"end":{"line":75,"column":36}},"loc":{"start":{"line":75,"column":41},"end":{"line":75,"column":64}},"line":75},"14":{"name":"(anonymous_14)","decl":{"start":{"line":79,"column":24},"end":{"line":79,"column":25}},"loc":{"start":{"line":79,"column":30},"end":{"line":84,"column":5}},"line":79},"15":{"name":"(anonymous_15)","decl":{"start":{"line":86,"column":24},"end":{"line":86,"column":25}},"loc":{"start":{"line":86,"column":48},"end":{"line":97,"column":5}},"line":86},"16":{"name":"(anonymous_16)","decl":{"start":{"line":99,"column":30},"end":{"line":99,"column":31}},"loc":{"start":{"line":99,"column":36},"end":{"line":110,"column":5}},"line":99},"17":{"name":"(anonymous_17)","decl":{"start":{"line":113,"column":34},"end":{"line":113,"column":35}},"loc":{"start":{"line":113,"column":40},"end":{"line":122,"column":5}},"line":113},"18":{"name":"(anonymous_18)","decl":{"start":{"line":124,"column":28},"end":{"line":124,"column":29}},"loc":{"start":{"line":124,"column":45},"end":{"line":127,"column":5}},"line":124},"19":{"name":"(anonymous_19)","decl":{"start":{"line":129,"column":37},"end":{"line":129,"column":38}},"loc":{"start":{"line":129,"column":56},"end":{"line":137,"column":5}},"line":129},"20":{"name":"(anonymous_20)","decl":{"start":{"line":139,"column":32},"end":{"line":139,"column":33}},"loc":{"start":{"line":145,"column":9},"end":{"line":180,"column":5}},"line":145},"21":{"name":"(anonymous_21)","decl":{"start":{"line":146,"column":45},"end":{"line":146,"column":46}},"loc":{"start":{"line":146,"column":56},"end":{"line":146,"column":93}},"line":146},"22":{"name":"(anonymous_22)","decl":{"start":{"line":152,"column":39},"end":{"line":152,"column":40}},"loc":{"start":{"line":152,"column":50},"end":{"line":152,"column":79}},"line":152},"23":{"name":"(anonymous_23)","decl":{"start":{"line":175,"column":32},"end":{"line":175,"column":33}},"loc":{"start":{"line":175,"column":42},"end":{"line":175,"column":101}},"line":175},"24":{"name":"(anonymous_24)","decl":{"start":{"line":182,"column":32},"end":{"line":182,"column":33}},"loc":{"start":{"line":182,"column":110},"end":{"line":195,"column":5}},"line":182},"25":{"name":"(anonymous_25)","decl":{"start":{"line":184,"column":52},"end":{"line":184,"column":53}},"loc":{"start":{"line":184,"column":61},"end":{"line":184,"column":95}},"line":184},"26":{"name":"(anonymous_26)","decl":{"start":{"line":185,"column":43},"end":{"line":185,"column":44}},"loc":{"start":{"line":185,"column":53},"end":{"line":185,"column":63}},"line":185},"27":{"name":"(anonymous_27)","decl":{"start":{"line":197,"column":31},"end":{"line":197,"column":32}},"loc":{"start":{"line":197,"column":37},"end":{"line":204,"column":5}},"line":197},"28":{"name":"(anonymous_28)","decl":{"start":{"line":198,"column":46},"end":{"line":198,"column":47}},"loc":{"start":{"line":198,"column":63},"end":{"line":198,"column":92}},"line":198},"29":{"name":"(anonymous_29)","decl":{"start":{"line":206,"column":29},"end":{"line":206,"column":30}},"loc":{"start":{"line":206,"column":61},"end":{"line":215,"column":5}},"line":206},"30":{"name":"(anonymous_30)","decl":{"start":{"line":246,"column":25},"end":{"line":246,"column":26}},"loc":{"start":{"line":246,"column":31},"end":{"line":246,"column":59}},"line":246}},"branchMap":{"0":{"loc":{"start":{"line":60,"column":8},"end":{"line":62,"column":9}},"type":"if","locations":[{"start":{"line":60,"column":8},"end":{"line":62,"column":9}},{"start":{"line":60,"column":8},"end":{"line":62,"column":9}}],"line":60},"1":{"loc":{"start":{"line":67,"column":8},"end":{"line":70,"column":9}},"type":"if","locations":[{"start":{"line":67,"column":8},"end":{"line":70,"column":9}},{"start":{"line":67,"column":8},"end":{"line":70,"column":9}}],"line":67},"2":{"loc":{"start":{"line":68,"column":12},"end":{"line":69,"column":30}},"type":"if","locations":[{"start":{"line":68,"column":12},"end":{"line":69,"column":30}},{"start":{"line":68,"column":12},"end":{"line":69,"column":30}}],"line":68},"3":{"loc":{"start":{"line":74,"column":8},"end":{"line":74,"column":54}},"type":"if","locations":[{"start":{"line":74,"column":8},"end":{"line":74,"column":54}},{"start":{"line":74,"column":8},"end":{"line":74,"column":54}}],"line":74},"4":{"loc":{"start":{"line":91,"column":8},"end":{"line":95,"column":9}},"type":"if","locations":[{"start":{"line":91,"column":8},"end":{"line":95,"column":9}},{"start":{"line":91,"column":8},"end":{"line":95,"column":9}}],"line":91},"5":{"loc":{"start":{"line":100,"column":27},"end":{"line":100,"column":111}},"type":"binary-expr","locations":[{"start":{"line":100,"column":27},"end":{"line":100,"column":45}},{"start":{"line":100,"column":49},"end":{"line":100,"column":77}},{"start":{"line":100,"column":81},"end":{"line":100,"column":111}}],"line":100},"6":{"loc":{"start":{"line":102,"column":12},"end":{"line":108,"column":20}},"type":"cond-expr","locations":[{"start":{"line":103,"column":16},"end":{"line":107,"column":23}},{"start":{"line":108,"column":16},"end":{"line":108,"column":20}}],"line":102},"7":{"loc":{"start":{"line":167,"column":21},"end":{"line":168,"column":122}},"type":"binary-expr","locations":[{"start":{"line":167,"column":21},"end":{"line":167,"column":46}},{"start":{"line":168,"column":24},"end":{"line":168,"column":122}}],"line":167},"8":{"loc":{"start":{"line":188,"column":12},"end":{"line":193,"column":25}},"type":"cond-expr","locations":[{"start":{"line":189,"column":16},"end":{"line":193,"column":18}},{"start":{"line":193,"column":21},"end":{"line":193,"column":25}}],"line":188},"9":{"loc":{"start":{"line":188,"column":12},"end":{"line":188,"column":84}},"type":"binary-expr","locations":[{"start":{"line":188,"column":12},"end":{"line":188,"column":38}},{"start":{"line":188,"column":42},"end":{"line":188,"column":84}}],"line":188},"10":{"loc":{"start":{"line":230,"column":17},"end":{"line":230,"column":66}},"type":"binary-expr","locations":[{"start":{"line":230,"column":17},"end":{"line":230,"column":26}},{"start":{"line":230,"column":30},"end":{"line":230,"column":66}}],"line":230},"11":{"loc":{"start":{"line":237,"column":21},"end":{"line":237,"column":70}},"type":"binary-expr","locations":[{"start":{"line":237,"column":21},"end":{"line":237,"column":46}},{"start":{"line":237,"column":50},"end":{"line":237,"column":70}}],"line":237},"12":{"loc":{"start":{"line":238,"column":21},"end":{"line":238,"column":82}},"type":"binary-expr","locations":[{"start":{"line":238,"column":21},"end":{"line":238,"column":45}},{"start":{"line":238,"column":49},"end":{"line":238,"column":59}},{"start":{"line":238,"column":63},"end":{"line":238,"column":82}}],"line":238}},"s":{"0":1,"1":1,"2":1,"3":3,"4":1,"5":3,"6":1,"7":3,"8":1,"9":3,"10":1,"11":3,"12":1,"13":1,"14":1,"15":1,"16":1,"17":1,"18":1,"19":1,"20":1,"21":1,"22":1,"23":1,"24":0,"25":0,"26":1,"27":0,"28":0,"29":0,"30":1,"31":1,"32":0,"33":1,"34":1,"35":0,"36":0,"37":0,"38":1,"39":0,"40":0,"41":0,"42":0,"43":0,"44":1,"45":0,"46":0,"47":0,"48":0,"49":1,"50":0,"51":0,"52":0,"53":0,"54":0,"55":0,"56":0,"57":1,"58":0,"59":0,"60":1,"61":0,"62":1,"63":0,"64":0,"65":1,"66":0,"67":1,"68":0,"69":0,"70":0,"71":0,"72":0,"73":1,"74":0,"75":0,"76":0,"77":0,"78":0,"79":1,"80":0,"81":0,"82":0,"83":1,"84":0,"85":1,"86":0,"87":1},"f":{"0":1,"1":3,"2":3,"3":3,"4":3,"5":3,"6":1,"7":0,"8":0,"9":0,"10":1,"11":1,"12":0,"13":0,"14":0,"15":0,"16":0,"17":0,"18":0,"19":0,"20":0,"21":0,"22":0,"23":0,"24":0,"25":0,"26":0,"27":0,"28":0,"29":0,"30":0},"b":{"0":[0,1],"1":[0,1],"2":[0,0],"3":[0,0],"4":[0,0],"5":[0,0,0],"6":[0,0],"7":[0,0],"8":[0,0],"9":[0,0],"10":[1,1],"11":[1,0],"12":[1,1,0]},"_coverageSchema":"1a1c01bbd47fc00a2c39e90264f33305004495a9","hash":"420ce10a0471b834a4ebffa7afa1b72295e2dd2c"}
,"/Users/alexserra/Desktop/TheMovieDatabase/src/services/InterceptorService.ts": {"path":"/Users/alexserra/Desktop/TheMovieDatabase/src/services/InterceptorService.ts","statementMap":{"0":{"start":{"line":3,"column":20},"end":{"line":38,"column":1}},"1":{"start":{"line":5,"column":8},"end":{"line":20,"column":9}},"2":{"start":{"line":6,"column":29},"end":{"line":13,"column":14}},"3":{"start":{"line":15,"column":33},"end":{"line":15,"column":75}},"4":{"start":{"line":16,"column":12},"end":{"line":16,"column":32}},"5":{"start":{"line":19,"column":12},"end":{"line":19,"column":40}},"6":{"start":{"line":25,"column":23},"end":{"line":25,"column":27}},"7":{"start":{"line":27,"column":8},"end":{"line":29,"column":9}},"8":{"start":{"line":28,"column":12},"end":{"line":28,"column":45}},"9":{"start":{"line":31,"column":8},"end":{"line":36,"column":9}}},"fnMap":{"0":{"name":"(anonymous_0)","decl":{"start":{"line":4,"column":4},"end":{"line":4,"column":5}},"loc":{"start":{"line":4,"column":114},"end":{"line":21,"column":5}},"line":4},"1":{"name":"(anonymous_1)","decl":{"start":{"line":23,"column":4},"end":{"line":23,"column":5}},"loc":{"start":{"line":23,"column":47},"end":{"line":37,"column":5}},"line":23}},"branchMap":{"0":{"loc":{"start":{"line":4,"column":33},"end":{"line":4,"column":44}},"type":"default-arg","locations":[{"start":{"line":4,"column":40},"end":{"line":4,"column":44}}],"line":4},"1":{"loc":{"start":{"line":4,"column":46},"end":{"line":4,"column":60}},"type":"default-arg","locations":[{"start":{"line":4,"column":55},"end":{"line":4,"column":60}}],"line":4},"2":{"loc":{"start":{"line":4,"column":62},"end":{"line":4,"column":94}},"type":"default-arg","locations":[{"start":{"line":4,"column":76},"end":{"line":4,"column":94}}],"line":4},"3":{"loc":{"start":{"line":4,"column":96},"end":{"line":4,"column":112}},"type":"default-arg","locations":[{"start":{"line":4,"column":107},"end":{"line":4,"column":112}}],"line":4},"4":{"loc":{"start":{"line":12,"column":22},"end":{"line":12,"column":76}},"type":"cond-expr","locations":[{"start":{"line":12,"column":30},"end":{"line":12,"column":68}},{"start":{"line":12,"column":72},"end":{"line":12,"column":76}}],"line":12},"5":{"loc":{"start":{"line":12,"column":30},"end":{"line":12,"column":68}},"type":"cond-expr","locations":[{"start":{"line":12,"column":41},"end":{"line":12,"column":45}},{"start":{"line":12,"column":48},"end":{"line":12,"column":68}}],"line":12},"6":{"loc":{"start":{"line":27,"column":8},"end":{"line":29,"column":9}},"type":"if","locations":[{"start":{"line":27,"column":8},"end":{"line":29,"column":9}},{"start":{"line":27,"column":8},"end":{"line":29,"column":9}}],"line":27},"7":{"loc":{"start":{"line":33,"column":28},"end":{"line":33,"column":76}},"type":"binary-expr","locations":[{"start":{"line":33,"column":28},"end":{"line":33,"column":50}},{"start":{"line":33,"column":54},"end":{"line":33,"column":76}}],"line":33}},"s":{"0":1,"1":4,"2":4,"3":0,"4":0,"5":4,"6":0,"7":0,"8":0,"9":0},"f":{"0":4,"1":0},"b":{"0":[4],"1":[4],"2":[4],"3":[4],"4":[0,0],"5":[0,0],"6":[0,0],"7":[0,0]},"_coverageSchema":"1a1c01bbd47fc00a2c39e90264f33305004495a9","hash":"226a8c0ebac3f9b5ddf237a3f0a07c1621b778e5"}
,"/Users/alexserra/Desktop/TheMovieDatabase/src/services/MediaService.ts": {"path":"/Users/alexserra/Desktop/TheMovieDatabase/src/services/MediaService.ts","statementMap":{"0":{"start":{"line":10,"column":23},"end":{"line":10,"column":122}},"1":{"start":{"line":11,"column":18},"end":{"line":11,"column":86}},"2":{"start":{"line":12,"column":23},"end":{"line":12,"column":62}},"3":{"start":{"line":13,"column":33},"end":{"line":13,"column":35}},"4":{"start":{"line":14,"column":8},"end":{"line":16,"column":9}},"5":{"start":{"line":15,"column":12},"end":{"line":15,"column":77}},"6":{"start":{"line":17,"column":8},"end":{"line":17,"column":19}},"7":{"start":{"line":21,"column":23},"end":{"line":21,"column":120}},"8":{"start":{"line":22,"column":18},"end":{"line":22,"column":86}},"9":{"start":{"line":23,"column":23},"end":{"line":23,"column":62}},"10":{"start":{"line":24,"column":36},"end":{"line":24,"column":38}},"11":{"start":{"line":25,"column":8},"end":{"line":27,"column":9}},"12":{"start":{"line":26,"column":12},"end":{"line":26,"column":72}},"13":{"start":{"line":28,"column":8},"end":{"line":28,"column":19}},"14":{"start":{"line":32,"column":23},"end":{"line":32,"column":75}},"15":{"start":{"line":33,"column":18},"end":{"line":33,"column":86}},"16":{"start":{"line":34,"column":23},"end":{"line":34,"column":62}},"17":{"start":{"line":35,"column":33},"end":{"line":35,"column":35}},"18":{"start":{"line":36,"column":8},"end":{"line":39,"column":9}},"19":{"start":{"line":37,"column":27},"end":{"line":37,"column":124}},"20":{"start":{"line":37,"column":65},"end":{"line":37,"column":122}},"21":{"start":{"line":38,"column":12},"end":{"line":38,"column":61}},"22":{"start":{"line":40,"column":8},"end":{"line":40,"column":19}}},"fnMap":{"0":{"name":"(anonymous_0)","decl":{"start":{"line":9,"column":4},"end":{"line":9,"column":5}},"loc":{"start":{"line":9,"column":71},"end":{"line":18,"column":5}},"line":9},"1":{"name":"(anonymous_1)","decl":{"start":{"line":20,"column":4},"end":{"line":20,"column":5}},"loc":{"start":{"line":20,"column":79},"end":{"line":29,"column":5}},"line":20},"2":{"name":"(anonymous_2)","decl":{"start":{"line":31,"column":4},"end":{"line":31,"column":5}},"loc":{"start":{"line":31,"column":60},"end":{"line":41,"column":5}},"line":31},"3":{"name":"(anonymous_3)","decl":{"start":{"line":37,"column":56},"end":{"line":37,"column":57}},"loc":{"start":{"line":37,"column":65},"end":{"line":37,"column":122}},"line":37}},"branchMap":{"0":{"loc":{"start":{"line":10,"column":23},"end":{"line":10,"column":122}},"type":"cond-expr","locations":[{"start":{"line":10,"column":43},"end":{"line":10,"column":80}},{"start":{"line":10,"column":83},"end":{"line":10,"column":122}}],"line":10},"1":{"loc":{"start":{"line":14,"column":8},"end":{"line":16,"column":9}},"type":"if","locations":[{"start":{"line":14,"column":8},"end":{"line":16,"column":9}},{"start":{"line":14,"column":8},"end":{"line":16,"column":9}}],"line":14},"2":{"loc":{"start":{"line":21,"column":23},"end":{"line":21,"column":120}},"type":"cond-expr","locations":[{"start":{"line":21,"column":43},"end":{"line":21,"column":79}},{"start":{"line":21,"column":82},"end":{"line":21,"column":120}}],"line":21},"3":{"loc":{"start":{"line":25,"column":8},"end":{"line":27,"column":9}},"type":"if","locations":[{"start":{"line":25,"column":8},"end":{"line":27,"column":9}},{"start":{"line":25,"column":8},"end":{"line":27,"column":9}}],"line":25},"4":{"loc":{"start":{"line":36,"column":8},"end":{"line":39,"column":9}},"type":"if","locations":[{"start":{"line":36,"column":8},"end":{"line":39,"column":9}},{"start":{"line":36,"column":8},"end":{"line":39,"column":9}}],"line":36},"5":{"loc":{"start":{"line":37,"column":65},"end":{"line":37,"column":122}},"type":"binary-expr","locations":[{"start":{"line":37,"column":65},"end":{"line":37,"column":93}},{"start":{"line":37,"column":97},"end":{"line":37,"column":122}}],"line":37}},"s":{"0":2,"1":2,"2":2,"3":0,"4":0,"5":0,"6":0,"7":2,"8":2,"9":2,"10":0,"11":0,"12":0,"13":0,"14":0,"15":0,"16":0,"17":0,"18":0,"19":0,"20":0,"21":0,"22":0},"f":{"0":2,"1":2,"2":0,"3":0},"b":{"0":[1,1],"1":[0,0],"2":[1,1],"3":[0,0],"4":[0,0],"5":[0,0]},"_coverageSchema":"1a1c01bbd47fc00a2c39e90264f33305004495a9","hash":"51ee995a55e7f6298ed1f15dbb829bb63b1e1230"}
,"/Users/alexserra/Desktop/TheMovieDatabase/src/store/configureStore.js": {"path":"/Users/alexserra/Desktop/TheMovieDatabase/src/store/configureStore.js","statementMap":{"0":{"start":{"line":7,"column":25},"end":{"line":7,"column":47}},"1":{"start":{"line":8,"column":16},"end":{"line":11,"column":3}},"2":{"start":{"line":12,"column":2},"end":{"line":12,"column":30}},"3":{"start":{"line":14,"column":2},"end":{"line":14,"column":14}}},"fnMap":{"0":{"name":"(anonymous_0)","decl":{"start":{"line":6,"column":15},"end":{"line":6,"column":16}},"loc":{"start":{"line":6,"column":21},"end":{"line":15,"column":1}},"line":6}},"branchMap":{},"s":{"0":1,"1":1,"2":1,"3":1},"f":{"0":1},"b":{},"_coverageSchema":"1a1c01bbd47fc00a2c39e90264f33305004495a9","hash":"b91f1c0a0c061794578c79d9a66ab789b2d9072e"}
,"/Users/alexserra/Desktop/TheMovieDatabase/src/store/actions/mediaActions.ts": {"path":"/Users/alexserra/Desktop/TheMovieDatabase/src/store/actions/mediaActions.ts","statementMap":{"0":{"start":{"line":5,"column":36},"end":{"line":28,"column":1}},"1":{"start":{"line":7,"column":4},"end":{"line":9,"column":6}},"2":{"start":{"line":17,"column":4},"end":{"line":20,"column":6}},"3":{"start":{"line":23,"column":4},"end":{"line":26,"column":5}}},"fnMap":{"0":{"name":"(anonymous_0)","decl":{"start":{"line":6,"column":2},"end":{"line":6,"column":3}},"loc":{"start":{"line":6,"column":20},"end":{"line":10,"column":3}},"line":6},"1":{"name":"(anonymous_1)","decl":{"start":{"line":11,"column":2},"end":{"line":11,"column":3}},"loc":{"start":{"line":16,"column":4},"end":{"line":21,"column":3}},"line":16},"2":{"name":"(anonymous_2)","decl":{"start":{"line":22,"column":2},"end":{"line":22,"column":3}},"loc":{"start":{"line":22,"column":28},"end":{"line":27,"column":3}},"line":22}},"branchMap":{},"s":{"0":1,"1":1,"2":0,"3":0},"f":{"0":1,"1":0,"2":0},"b":{},"_coverageSchema":"1a1c01bbd47fc00a2c39e90264f33305004495a9","hash":"9159d753fdac02ce4281bebbd723c8074162a148"}
,"/Users/alexserra/Desktop/TheMovieDatabase/src/store/reducers/index.ts": {"path":"/Users/alexserra/Desktop/TheMovieDatabase/src/store/reducers/index.ts","statementMap":{"0":{"start":{"line":5,"column":19},"end":{"line":7,"column":2}}},"fnMap":{},"branchMap":{},"s":{"0":1},"f":{},"b":{},"_coverageSchema":"1a1c01bbd47fc00a2c39e90264f33305004495a9","hash":"4968faaaa5adb8384b47e71f0e9b02bbdf0a1be4"}
,"/Users/alexserra/Desktop/TheMovieDatabase/src/store/reducers/mediaReducer.ts": {"path":"/Users/alexserra/Desktop/TheMovieDatabase/src/store/reducers/mediaReducer.ts","statementMap":{"0":{"start":{"line":13,"column":48},"end":{"line":20,"column":1}},"1":{"start":{"line":22,"column":21},"end":{"line":43,"column":1}},"2":{"start":{"line":23,"column":2},"end":{"line":42,"column":3}},"3":{"start":{"line":25,"column":6},"end":{"line":32,"column":7}},"4":{"start":{"line":35,"column":6},"end":{"line":38,"column":7}},"5":{"start":{"line":41,"column":6},"end":{"line":41,"column":18}}},"fnMap":{"0":{"name":"(anonymous_0)","decl":{"start":{"line":22,"column":21},"end":{"line":22,"column":22}},"loc":{"start":{"line":22,"column":80},"end":{"line":43,"column":1}},"line":22}},"branchMap":{"0":{"loc":{"start":{"line":22,"column":22},"end":{"line":22,"column":62}},"type":"default-arg","locations":[{"start":{"line":22,"column":50},"end":{"line":22,"column":62}}],"line":22},"1":{"loc":{"start":{"line":23,"column":2},"end":{"line":42,"column":3}},"type":"switch","locations":[{"start":{"line":24,"column":4},"end":{"line":32,"column":7}},{"start":{"line":34,"column":4},"end":{"line":38,"column":7}},{"start":{"line":40,"column":4},"end":{"line":41,"column":18}}],"line":23}},"s":{"0":1,"1":1,"2":4,"3":0,"4":0,"5":4},"f":{"0":4},"b":{"0":[3],"1":[0,0,4]},"_coverageSchema":"1a1c01bbd47fc00a2c39e90264f33305004495a9","hash":"d53ece3ba6d9b3ddeea4ce94c7eb8580fd7c7fac"}
,"/Users/alexserra/Desktop/TheMovieDatabase/src/store/saga/index.ts": {"path":"/Users/alexserra/Desktop/TheMovieDatabase/src/store/saga/index.ts","statementMap":{"0":{"start":{"line":6,"column":4},"end":{"line":8,"column":6}}},"fnMap":{"0":{"name":"rootSaga","decl":{"start":{"line":5,"column":25},"end":{"line":5,"column":33}},"loc":{"start":{"line":5,"column":36},"end":{"line":9,"column":1}},"line":5}},"branchMap":{},"s":{"0":1},"f":{"0":1},"b":{},"_coverageSchema":"1a1c01bbd47fc00a2c39e90264f33305004495a9","hash":"046d4b9e2f3ebc20c647d640862361e5140c274b"}
,"/Users/alexserra/Desktop/TheMovieDatabase/src/store/saga/mediaSaga.ts": {"path":"/Users/alexserra/Desktop/TheMovieDatabase/src/store/saga/mediaSaga.ts","statementMap":{"0":{"start":{"line":10,"column":71},"end":{"line":15,"column":6}},"1":{"start":{"line":17,"column":4},"end":{"line":20,"column":105}},"2":{"start":{"line":18,"column":8},"end":{"line":18,"column":47}},"3":{"start":{"line":20,"column":9},"end":{"line":20,"column":105}}},"fnMap":{"0":{"name":"initialize","decl":{"start":{"line":9,"column":17},"end":{"line":9,"column":27}},"loc":{"start":{"line":9,"column":30},"end":{"line":21,"column":1}},"line":9}},"branchMap":{"0":{"loc":{"start":{"line":17,"column":4},"end":{"line":20,"column":105}},"type":"if","locations":[{"start":{"line":17,"column":4},"end":{"line":20,"column":105}},{"start":{"line":17,"column":4},"end":{"line":20,"column":105}}],"line":17},"1":{"loc":{"start":{"line":17,"column":7},"end":{"line":17,"column":111}},"type":"binary-expr","locations":[{"start":{"line":17,"column":7},"end":{"line":17,"column":24}},{"start":{"line":17,"column":28},"end":{"line":17,"column":47}},{"start":{"line":17,"column":51},"end":{"line":17,"column":78}},{"start":{"line":17,"column":82},"end":{"line":17,"column":111}}],"line":17}},"s":{"0":1,"1":0,"2":0,"3":0},"f":{"0":1},"b":{"0":[0,0],"1":[0,0,0,0]},"_coverageSchema":"1a1c01bbd47fc00a2c39e90264f33305004495a9","hash":"2c0931b649caba5951e73c0c0f352682d7a1f4c7"}
,"/Users/alexserra/Desktop/TheMovieDatabase/src/store/types/mediaTypes.ts": {"path":"/Users/alexserra/Desktop/TheMovieDatabase/src/store/types/mediaTypes.ts","statementMap":{},"fnMap":{},"branchMap":{},"s":{},"f":{},"b":{},"_coverageSchema":"1a1c01bbd47fc00a2c39e90264f33305004495a9","hash":"7ebed5f4f90070e5f0be8d97e3c17c6e4b380ff3"}
,"/Users/alexserra/Desktop/TheMovieDatabase/src/styles/common.ts": {"path":"/Users/alexserra/Desktop/TheMovieDatabase/src/styles/common.ts","statementMap":{"0":{"start":{"line":4,"column":44},"end":{"line":33,"column":1}}},"fnMap":{},"branchMap":{},"s":{"0":1},"f":{},"b":{},"_coverageSchema":"1a1c01bbd47fc00a2c39e90264f33305004495a9","hash":"a8eb36fc132a55f95a192b7f58e7c4cbeba30ab3"}
,"/Users/alexserra/Desktop/TheMovieDatabase/src/utils/AppConstants.ts": {"path":"/Users/alexserra/Desktop/TheMovieDatabase/src/utils/AppConstants.ts","statementMap":{},"fnMap":{},"branchMap":{},"s":{},"f":{},"b":{},"_coverageSchema":"1a1c01bbd47fc00a2c39e90264f33305004495a9","hash":"61e6da545d5026e9fdce839c645727235e0737c5"}
,"/Users/alexserra/Desktop/TheMovieDatabase/src/utils/helpers.ts": {"path":"/Users/alexserra/Desktop/TheMovieDatabase/src/utils/helpers.ts","statementMap":{"0":{"start":{"line":10,"column":4},"end":{"line":10,"column":70}},"1":{"start":{"line":14,"column":29},"end":{"line":14,"column":53}},"2":{"start":{"line":15,"column":4},"end":{"line":15,"column":27}},"3":{"start":{"line":19,"column":4},"end":{"line":26,"column":5}}},"fnMap":{"0":{"name":"reduceText","decl":{"start":{"line":9,"column":9},"end":{"line":9,"column":19}},"loc":{"start":{"line":9,"column":50},"end":{"line":11,"column":1}},"line":9},"1":{"name":"isLandscape","decl":{"start":{"line":13,"column":9},"end":{"line":13,"column":20}},"loc":{"start":{"line":13,"column":22},"end":{"line":16,"column":1}},"line":13},"2":{"name":"handleNetworkError","decl":{"start":{"line":18,"column":9},"end":{"line":18,"column":27}},"loc":{"start":{"line":18,"column":30},"end":{"line":27,"column":1}},"line":18}},"branchMap":{"0":{"loc":{"start":{"line":10,"column":36},"end":{"line":10,"column":69}},"type":"cond-expr","locations":[{"start":{"line":10,"column":59},"end":{"line":10,"column":64}},{"start":{"line":10,"column":67},"end":{"line":10,"column":69}}],"line":10}},"s":{"0":0,"1":1,"2":1,"3":4},"f":{"0":0,"1":1,"2":4},"b":{"0":[0,0]},"_coverageSchema":"1a1c01bbd47fc00a2c39e90264f33305004495a9","hash":"9c950514796a58a68553169bcf85870a7fd6ff9c"}
,"/Users/alexserra/Desktop/TheMovieDatabase/src/utils/adapters/MediaAdapter.ts": {"path":"/Users/alexserra/Desktop/TheMovieDatabase/src/utils/adapters/MediaAdapter.ts","statementMap":{"0":{"start":{"line":7,"column":31},"end":{"line":22,"column":10}},"1":{"start":{"line":8,"column":12},"end":{"line":21,"column":13}},"2":{"start":{"line":23,"column":8},"end":{"line":23,"column":31}},"3":{"start":{"line":29,"column":34},"end":{"line":36,"column":10}},"4":{"start":{"line":30,"column":12},"end":{"line":35,"column":13}},"5":{"start":{"line":37,"column":8},"end":{"line":37,"column":34}}},"fnMap":{"0":{"name":"(anonymous_0)","decl":{"start":{"line":6,"column":4},"end":{"line":6,"column":5}},"loc":{"start":{"line":6,"column":85},"end":{"line":24,"column":5}},"line":6},"1":{"name":"(anonymous_1)","decl":{"start":{"line":7,"column":45},"end":{"line":7,"column":46}},"loc":{"start":{"line":7,"column":55},"end":{"line":22,"column":9}},"line":7},"2":{"name":"(anonymous_2)","decl":{"start":{"line":28,"column":4},"end":{"line":28,"column":5}},"loc":{"start":{"line":28,"column":66},"end":{"line":38,"column":5}},"line":28},"3":{"name":"(anonymous_3)","decl":{"start":{"line":29,"column":51},"end":{"line":29,"column":52}},"loc":{"start":{"line":29,"column":61},"end":{"line":36,"column":9}},"line":29}},"branchMap":{"0":{"loc":{"start":{"line":11,"column":26},"end":{"line":11,"column":55}},"type":"cond-expr","locations":[{"start":{"line":11,"column":33},"end":{"line":11,"column":37}},{"start":{"line":11,"column":40},"end":{"line":11,"column":55}}],"line":11},"1":{"loc":{"start":{"line":12,"column":27},"end":{"line":12,"column":50}},"type":"binary-expr","locations":[{"start":{"line":12,"column":27},"end":{"line":12,"column":37}},{"start":{"line":12,"column":41},"end":{"line":12,"column":50}}],"line":12},"2":{"loc":{"start":{"line":15,"column":26},"end":{"line":15,"column":66}},"type":"binary-expr","locations":[{"start":{"line":15,"column":26},"end":{"line":15,"column":43}},{"start":{"line":15,"column":47},"end":{"line":15,"column":66}}],"line":15},"3":{"loc":{"start":{"line":17,"column":27},"end":{"line":17,"column":93}},"type":"cond-expr","locations":[{"start":{"line":17,"column":47},"end":{"line":17,"column":87}},{"start":{"line":17,"column":91},"end":{"line":17,"column":93}}],"line":17}},"s":{"0":0,"1":0,"2":0,"3":0,"4":0,"5":0},"f":{"0":0,"1":0,"2":0,"3":0},"b":{"0":[0,0],"1":[0,0],"2":[0,0],"3":[0,0]},"_coverageSchema":"1a1c01bbd47fc00a2c39e90264f33305004495a9","hash":"069fd22f2191ebfbe98e8885f541b5410d90baf4"}
}
